<?xml version="1.0" encoding="UTF-8"?>
<testng-results ignored="0" total="2" passed="2" failed="0" skipped="0">
  <reporter-output>
    <line>
      <![CDATA[database connected]]>
    </line>
    <line>
      <![CDATA[browser launched]]>
    </line>
    <line>
      <![CDATA[logged in successfully]]>
    </line>
    <line>
      <![CDATA[nilesh is best]]>
    </line>
    <line>
      <![CDATA[logged out successfully]]>
    </line>
    <line>
      <![CDATA[logged in successfully]]>
    </line>
    <line>
      <![CDATA[logged out successfully]]>
    </line>
    <line>
      <![CDATA[browser closed]]>
    </line>
    <line>
      <![CDATA[database is disconnected]]>
    </line>
  </reporter-output>
  <suite started-at="2023-05-10T10:18:25 IST" name="Default suite" finished-at="2023-05-10T10:19:05 IST" duration-ms="40843">
    <groups>
    </groups>
    <test started-at="2023-05-10T10:18:25 IST" name="Default test" finished-at="2023-05-10T10:19:05 IST" duration-ms="40843">
      <class name="Com.Actitime.TestScripts.Task">
        <test-method is-config="true" signature="databaseconnection()[pri:0, instance:Com.Actitime.TestScripts.Task@6da21078]" started-at="2023-05-10T10:18:25 IST" name="databaseconnection" finished-at="2023-05-10T10:18:25 IST" duration-ms="11" status="PASS">
          <reporter-output>
            <line>
              <![CDATA[database connected]]>
            </line>
          </reporter-output>
        </test-method> <!-- databaseconnection -->
        <test-method is-config="true" signature="launchBrowser()[pri:0, instance:Com.Actitime.TestScripts.Task@6da21078]" started-at="2023-05-10T10:18:25 IST" name="launchBrowser" finished-at="2023-05-10T10:18:40 IST" duration-ms="15457" status="PASS">
          <reporter-output>
            <line>
              <![CDATA[browser launched]]>
            </line>
          </reporter-output>
        </test-method> <!-- launchBrowser -->
        <test-method is-config="true" signature="login()[pri:0, instance:Com.Actitime.TestScripts.Task@6da21078]" started-at="2023-05-10T10:18:40 IST" name="login" finished-at="2023-05-10T10:18:41 IST" duration-ms="422" status="PASS">
          <reporter-output>
            <line>
              <![CDATA[logged in successfully]]>
            </line>
          </reporter-output>
        </test-method> <!-- login -->
        <test-method signature="addMe()[pri:0, instance:Com.Actitime.TestScripts.Task@6da21078]" started-at="2023-05-10T10:18:41 IST" name="addMe" finished-at="2023-05-10T10:18:41 IST" duration-ms="10" status="PASS">
          <reporter-output>
            <line>
              <![CDATA[nilesh is best]]>
            </line>
          </reporter-output>
        </test-method> <!-- addMe -->
        <test-method is-config="true" signature="logout()[pri:0, instance:Com.Actitime.TestScripts.Task@6da21078]" started-at="2023-05-10T10:18:41 IST" name="logout" finished-at="2023-05-10T10:18:46 IST" duration-ms="5898" status="PASS">
          <reporter-output>
            <line>
              <![CDATA[logged out successfully]]>
            </line>
          </reporter-output>
        </test-method> <!-- logout -->
        <test-method is-config="true" signature="login()[pri:0, instance:Com.Actitime.TestScripts.Task@6da21078]" started-at="2023-05-10T10:18:46 IST" name="login" finished-at="2023-05-10T10:18:47 IST" duration-ms="317" status="PASS">
          <reporter-output>
            <line>
              <![CDATA[logged in successfully]]>
            </line>
          </reporter-output>
        </test-method> <!-- login -->
        <test-method signature="createCustomer()[pri:0, instance:Com.Actitime.TestScripts.Task@6da21078]" started-at="2023-05-10T10:18:47 IST" name="createCustomer" finished-at="2023-05-10T10:19:02 IST" duration-ms="15595" status="PASS">
          <reporter-output>
          </reporter-output>
        </test-method> <!-- createCustomer -->
        <test-method is-config="true" signature="logout()[pri:0, instance:Com.Actitime.TestScripts.Task@6da21078]" started-at="2023-05-10T10:19:02 IST" name="logout" finished-at="2023-05-10T10:19:05 IST" duration-ms="2876" status="PASS">
          <reporter-output>
            <line>
              <![CDATA[logged out successfully]]>
            </line>
          </reporter-output>
        </test-method> <!-- logout -->
        <test-method is-config="true" signature="closebrowser()[pri:0, instance:Com.Actitime.TestScripts.Task@6da21078]" started-at="2023-05-10T10:19:05 IST" name="closebrowser" finished-at="2023-05-10T10:19:05 IST" duration-ms="213" status="PASS">
          <reporter-output>
            <line>
              <![CDATA[browser closed]]>
            </line>
          </reporter-output>
        </test-method> <!-- closebrowser -->
        <test-method is-config="true" signature="databasedisconnection()[pri:0, instance:Com.Actitime.TestScripts.Task@6da21078]" started-at="2023-05-10T10:19:06 IST" name="databasedisconnection" finished-at="2023-05-10T10:19:06 IST" duration-ms="0" status="PASS">
          <reporter-output>
            <line>
              <![CDATA[database is disconnected]]>
            </line>
          </reporter-output>
        </test-method> <!-- databasedisconnection -->
      </class> <!-- Com.Actitime.TestScripts.Task -->
    </test> <!-- Default test -->
  </suite> <!-- Default suite -->
</testng-results>
